2025-07-12 09:48:44,036 [Worker-7: Loading available Gradle versions] INFO  o.e.b.c.i.u.g.PublishedGradleVersions - Gradle version information cache is not available. Remote download required.
2025-07-12 09:49:07,395 [Worker-26: Importing Maven projects] INFO  o.e.m.c.i.l.LifecycleMappingFactory - Using org.eclipse.m2e.jdt.JarLifecycleMapping lifecycle mapping for MavenProject: com:DesignPatterns:1.0.0 @ /Users/satyam/Personal/CS/Software_Engineering/Design_Patterns/code_space/DesignPatterns/pom.xml.
2025-07-12 09:49:07,702 [Worker-26: Importing Maven projects] INFO  o.e.m.j.i.AbstractJavaProjectConfigurator - Adding source folder /DesignPatterns/src/main/java
2025-07-12 09:49:07,703 [Worker-26: Importing Maven projects] INFO  o.e.m.j.i.AbstractJavaProjectConfigurator - Adding resource folder /DesignPatterns/src/main/resources
2025-07-12 09:49:07,704 [Worker-26: Importing Maven projects] INFO  o.e.m.j.i.AbstractJavaProjectConfigurator - Adding source folder /DesignPatterns/src/test/java
2025-07-12 09:49:07,705 [Worker-26: Importing Maven projects] INFO  o.e.m.j.i.AbstractJavaProjectConfigurator - Adding resource folder /DesignPatterns/src/test/resources
2025-07-12 09:49:07,728 [Worker-26: Importing Maven projects] INFO  o.e.m.c.i.p.ProjectConfigurationManager - Imported and configured 1 project(s) in 0 sec
2025-07-12 09:49:08,268 [Worker-9: Building] INFO  o.a.m.s.f.DefaultMavenResourcesFiltering - skip non existing resourceDirectory /Users/satyam/Personal/CS/Software_Engineering/Design_Patterns/code_space/DesignPatterns/src/main/resources
2025-07-12 09:49:08,271 [Worker-9: Building] INFO  o.a.m.s.f.DefaultMavenResourcesFiltering - skip non existing resourceDirectory /Users/satyam/Personal/CS/Software_Engineering/Design_Patterns/code_space/DesignPatterns/src/test/resources
2025-07-12 09:52:26,033 [Worker-21: Building] INFO  o.e.m.c.i.l.LifecycleMappingFactory - Using org.eclipse.m2e.jdt.JarLifecycleMapping lifecycle mapping for MavenProject: com:DesignPatterns:1.0.0 @ /Users/satyam/Personal/CS/Software_Engineering/Design_Patterns/code_space/DesignPatterns/pom.xml.
2025-07-12 09:52:26,085 [Worker-21: Building] INFO  o.a.m.s.f.DefaultMavenResourcesFiltering - skip non existing resourceDirectory /Users/satyam/Personal/CS/Software_Engineering/Design_Patterns/code_space/DesignPatterns/src/main/resources
2025-07-12 09:52:26,087 [Worker-21: Building] INFO  o.a.m.s.f.DefaultMavenResourcesFiltering - skip non existing resourceDirectory /Users/satyam/Personal/CS/Software_Engineering/Design_Patterns/code_space/DesignPatterns/src/test/resources
2025-07-12 09:52:36,576 [Worker-2: Updating Maven Project] INFO  o.e.m.c.i.p.ProjectConfigurationManager - Update started
2025-07-12 09:52:36,664 [Worker-2: Updating Maven Project] INFO  o.e.m.c.i.l.LifecycleMappingFactory - Using org.eclipse.m2e.jdt.JarLifecycleMapping lifecycle mapping for MavenProject: com:DesignPatterns:1.0.0 @ /Users/satyam/Personal/CS/Software_Engineering/Design_Patterns/code_space/DesignPatterns/pom.xml.
2025-07-12 09:52:36,709 [Worker-2: Updating Maven Project] INFO  o.e.m.j.i.AbstractJavaProjectConfigurator - Adding source folder /DesignPatterns/src/main/java
2025-07-12 09:52:36,709 [Worker-2: Updating Maven Project] INFO  o.e.m.j.i.AbstractJavaProjectConfigurator - Adding resource folder /DesignPatterns/src/main/resources
2025-07-12 09:52:36,709 [Worker-2: Updating Maven Project] INFO  o.e.m.j.i.AbstractJavaProjectConfigurator - Adding source folder /DesignPatterns/src/test/java
2025-07-12 09:52:36,709 [Worker-2: Updating Maven Project] INFO  o.e.m.j.i.AbstractJavaProjectConfigurator - Adding resource folder /DesignPatterns/src/test/resources
2025-07-12 09:52:36,739 [Worker-2: Updating Maven Project] INFO  o.e.m.c.i.p.ProjectConfigurationManager - Update completed for 1 poms: local refresh takes 0.00 sec, refresh facades takes 0.00 sec, update config takes 0.00 sec 
2025-07-12 09:52:36,894 [Worker-1: Building] INFO  o.a.m.s.f.DefaultMavenResourcesFiltering - skip non existing resourceDirectory /Users/satyam/Personal/CS/Software_Engineering/Design_Patterns/code_space/DesignPatterns/src/main/resources
2025-07-12 09:52:36,896 [Worker-1: Building] INFO  o.a.m.s.f.DefaultMavenResourcesFiltering - skip non existing resourceDirectory /Users/satyam/Personal/CS/Software_Engineering/Design_Patterns/code_space/DesignPatterns/src/test/resources
